<?xml version="1.0" encoding="UTF-8"?>
<testsuite xmlns:xsi="http://www.w3.org/2001/XMLSchema-instance" xsi:noNamespaceSchemaLocation="https://maven.apache.org/surefire/maven-surefire-plugin/xsd/surefire-test-report.xsd" name="com.sumacode.JerseyJettyEx.AppTest" time="0.029" tests="1" errors="0" skipped="0" failures="0">
  <properties>
    <property name="gopherProxySet" value="false"/>
    <property name="awt.toolkit" value="sun.lwawt.macosx.LWCToolkit"/>
    <property name="file.encoding.pkg" value="sun.io"/>
    <property name="java.specification.version" value="1.8"/>
    <property name="sun.cpu.isalist" value=""/>
    <property name="sun.jnu.encoding" value="UTF-8"/>
    <property name="java.class.path" value="/Users/sumandutta/Documents/Luna_Workspace/MoneyTransfer/target/test-classes:/Users/sumandutta/Documents/Luna_Workspace/MoneyTransfer/target/classes:/Users/sumandutta/.m2/repository/org/glassfish/jersey/containers/jersey-container-jetty-http/2.25/jersey-container-jetty-http-2.25.jar:/Users/sumandutta/.m2/repository/org/glassfish/hk2/external/javax.inject/2.5.0-b30/javax.inject-2.5.0-b30.jar:/Users/sumandutta/.m2/repository/org/eclipse/jetty/jetty-continuation/9.2.14.v20151106/jetty-continuation-9.2.14.v20151106.jar:/Users/sumandutta/.m2/repository/org/glassfish/jersey/core/jersey-common/2.25/jersey-common-2.25.jar:/Users/sumandutta/.m2/repository/org/glassfish/jersey/bundles/repackaged/jersey-guava/2.25/jersey-guava-2.25.jar:/Users/sumandutta/.m2/repository/org/glassfish/hk2/osgi-resource-locator/1.0.1/osgi-resource-locator-1.0.1.jar:/Users/sumandutta/.m2/repository/javax/ws/rs/javax.ws.rs-api/2.0.1/javax.ws.rs-api-2.0.1.jar:/Users/sumandutta/.m2/repository/org/eclipse/jetty/jetty-util/9.4.0.v20161208/jetty-util-9.4.0.v20161208.jar:/Users/sumandutta/.m2/repository/org/glassfish/jersey/core/jersey-server/2.25/jersey-server-2.25.jar:/Users/sumandutta/.m2/repository/org/glassfish/jersey/core/jersey-client/2.25/jersey-client-2.25.jar:/Users/sumandutta/.m2/repository/org/glassfish/jersey/media/jersey-media-jaxb/2.25/jersey-media-jaxb-2.25.jar:/Users/sumandutta/.m2/repository/javax/annotation/javax.annotation-api/1.2/javax.annotation-api-1.2.jar:/Users/sumandutta/.m2/repository/org/glassfish/hk2/hk2-api/2.5.0-b30/hk2-api-2.5.0-b30.jar:/Users/sumandutta/.m2/repository/org/glassfish/hk2/hk2-utils/2.5.0-b30/hk2-utils-2.5.0-b30.jar:/Users/sumandutta/.m2/repository/org/glassfish/hk2/external/aopalliance-repackaged/2.5.0-b30/aopalliance-repackaged-2.5.0-b30.jar:/Users/sumandutta/.m2/repository/org/glassfish/hk2/hk2-locator/2.5.0-b30/hk2-locator-2.5.0-b30.jar:/Users/sumandutta/.m2/repository/org/javassist/javassist/3.20.0-GA/javassist-3.20.0-GA.jar:/Users/sumandutta/.m2/repository/javax/validation/validation-api/1.1.0.Final/validation-api-1.1.0.Final.jar:/Users/sumandutta/.m2/repository/org/glassfish/jersey/containers/jersey-container-servlet-core/2.25/jersey-container-servlet-core-2.25.jar:/Users/sumandutta/.m2/repository/org/glassfish/jersey/media/jersey-media-json-jackson/2.25/jersey-media-json-jackson-2.25.jar:/Users/sumandutta/.m2/repository/org/glassfish/jersey/ext/jersey-entity-filtering/2.25/jersey-entity-filtering-2.25.jar:/Users/sumandutta/.m2/repository/com/fasterxml/jackson/jaxrs/jackson-jaxrs-base/2.8.4/jackson-jaxrs-base-2.8.4.jar:/Users/sumandutta/.m2/repository/com/fasterxml/jackson/core/jackson-core/2.8.4/jackson-core-2.8.4.jar:/Users/sumandutta/.m2/repository/com/fasterxml/jackson/core/jackson-databind/2.8.4/jackson-databind-2.8.4.jar:/Users/sumandutta/.m2/repository/com/fasterxml/jackson/jaxrs/jackson-jaxrs-json-provider/2.8.4/jackson-jaxrs-json-provider-2.8.4.jar:/Users/sumandutta/.m2/repository/com/fasterxml/jackson/module/jackson-module-jaxb-annotations/2.8.4/jackson-module-jaxb-annotations-2.8.4.jar:/Users/sumandutta/.m2/repository/com/fasterxml/jackson/core/jackson-annotations/2.8.4/jackson-annotations-2.8.4.jar:/Users/sumandutta/.m2/repository/org/eclipse/jetty/jetty-servlet/9.4.0.v20161208/jetty-servlet-9.4.0.v20161208.jar:/Users/sumandutta/.m2/repository/org/eclipse/jetty/jetty-security/9.4.0.v20161208/jetty-security-9.4.0.v20161208.jar:/Users/sumandutta/.m2/repository/org/eclipse/jetty/jetty-server/9.4.0.v20161208/jetty-server-9.4.0.v20161208.jar:/Users/sumandutta/.m2/repository/javax/servlet/javax.servlet-api/3.1.0/javax.servlet-api-3.1.0.jar:/Users/sumandutta/.m2/repository/org/eclipse/jetty/jetty-http/9.4.0.v20161208/jetty-http-9.4.0.v20161208.jar:/Users/sumandutta/.m2/repository/org/eclipse/jetty/jetty-io/9.4.0.v20161208/jetty-io-9.4.0.v20161208.jar:/Users/sumandutta/.m2/repository/org/apache/derby/derby/10.8.3.0/derby-10.8.3.0.jar:/Users/sumandutta/.m2/repository/junit/junit/4.11/junit-4.11.jar:/Users/sumandutta/.m2/repository/org/hamcrest/hamcrest-core/1.3/hamcrest-core-1.3.jar:"/>
    <property name="java.vm.vendor" value="Oracle Corporation"/>
    <property name="sun.arch.data.model" value="64"/>
    <property name="java.vendor.url" value="http://java.oracle.com/"/>
    <property name="user.timezone" value="America/Los_Angeles"/>
    <property name="java.vm.specification.version" value="1.8"/>
    <property name="os.name" value="Mac OS X"/>
    <property name="user.country" value="US"/>
    <property name="sun.java.launcher" value="SUN_STANDARD"/>
    <property name="sun.boot.library.path" value="/Library/Java/JavaVirtualMachines/jdk1.8.0_31.jdk/Contents/Home/jre/lib"/>
    <property name="sun.java.command" value="/Users/sumandutta/Documents/Luna_Workspace/MoneyTransfer/target/surefire/surefirebooter1962802839421996033.jar /Users/sumandutta/Documents/Luna_Workspace/MoneyTransfer/target/surefire 2019-07-15T15-27-39_561-jvmRun1 surefire5422248677194812802tmp surefire_04802455394090031331tmp"/>
    <property name="http.nonProxyHosts" value="local|*.local|169.254/16|*.169.254/16"/>
    <property name="surefire.test.class.path" value="/Users/sumandutta/Documents/Luna_Workspace/MoneyTransfer/target/test-classes:/Users/sumandutta/Documents/Luna_Workspace/MoneyTransfer/target/classes:/Users/sumandutta/.m2/repository/org/glassfish/jersey/containers/jersey-container-jetty-http/2.25/jersey-container-jetty-http-2.25.jar:/Users/sumandutta/.m2/repository/org/glassfish/hk2/external/javax.inject/2.5.0-b30/javax.inject-2.5.0-b30.jar:/Users/sumandutta/.m2/repository/org/eclipse/jetty/jetty-continuation/9.2.14.v20151106/jetty-continuation-9.2.14.v20151106.jar:/Users/sumandutta/.m2/repository/org/glassfish/jersey/core/jersey-common/2.25/jersey-common-2.25.jar:/Users/sumandutta/.m2/repository/org/glassfish/jersey/bundles/repackaged/jersey-guava/2.25/jersey-guava-2.25.jar:/Users/sumandutta/.m2/repository/org/glassfish/hk2/osgi-resource-locator/1.0.1/osgi-resource-locator-1.0.1.jar:/Users/sumandutta/.m2/repository/javax/ws/rs/javax.ws.rs-api/2.0.1/javax.ws.rs-api-2.0.1.jar:/Users/sumandutta/.m2/repository/org/eclipse/jetty/jetty-util/9.4.0.v20161208/jetty-util-9.4.0.v20161208.jar:/Users/sumandutta/.m2/repository/org/glassfish/jersey/core/jersey-server/2.25/jersey-server-2.25.jar:/Users/sumandutta/.m2/repository/org/glassfish/jersey/core/jersey-client/2.25/jersey-client-2.25.jar:/Users/sumandutta/.m2/repository/org/glassfish/jersey/media/jersey-media-jaxb/2.25/jersey-media-jaxb-2.25.jar:/Users/sumandutta/.m2/repository/javax/annotation/javax.annotation-api/1.2/javax.annotation-api-1.2.jar:/Users/sumandutta/.m2/repository/org/glassfish/hk2/hk2-api/2.5.0-b30/hk2-api-2.5.0-b30.jar:/Users/sumandutta/.m2/repository/org/glassfish/hk2/hk2-utils/2.5.0-b30/hk2-utils-2.5.0-b30.jar:/Users/sumandutta/.m2/repository/org/glassfish/hk2/external/aopalliance-repackaged/2.5.0-b30/aopalliance-repackaged-2.5.0-b30.jar:/Users/sumandutta/.m2/repository/org/glassfish/hk2/hk2-locator/2.5.0-b30/hk2-locator-2.5.0-b30.jar:/Users/sumandutta/.m2/repository/org/javassist/javassist/3.20.0-GA/javassist-3.20.0-GA.jar:/Users/sumandutta/.m2/repository/javax/validation/validation-api/1.1.0.Final/validation-api-1.1.0.Final.jar:/Users/sumandutta/.m2/repository/org/glassfish/jersey/containers/jersey-container-servlet-core/2.25/jersey-container-servlet-core-2.25.jar:/Users/sumandutta/.m2/repository/org/glassfish/jersey/media/jersey-media-json-jackson/2.25/jersey-media-json-jackson-2.25.jar:/Users/sumandutta/.m2/repository/org/glassfish/jersey/ext/jersey-entity-filtering/2.25/jersey-entity-filtering-2.25.jar:/Users/sumandutta/.m2/repository/com/fasterxml/jackson/jaxrs/jackson-jaxrs-base/2.8.4/jackson-jaxrs-base-2.8.4.jar:/Users/sumandutta/.m2/repository/com/fasterxml/jackson/core/jackson-core/2.8.4/jackson-core-2.8.4.jar:/Users/sumandutta/.m2/repository/com/fasterxml/jackson/core/jackson-databind/2.8.4/jackson-databind-2.8.4.jar:/Users/sumandutta/.m2/repository/com/fasterxml/jackson/jaxrs/jackson-jaxrs-json-provider/2.8.4/jackson-jaxrs-json-provider-2.8.4.jar:/Users/sumandutta/.m2/repository/com/fasterxml/jackson/module/jackson-module-jaxb-annotations/2.8.4/jackson-module-jaxb-annotations-2.8.4.jar:/Users/sumandutta/.m2/repository/com/fasterxml/jackson/core/jackson-annotations/2.8.4/jackson-annotations-2.8.4.jar:/Users/sumandutta/.m2/repository/org/eclipse/jetty/jetty-servlet/9.4.0.v20161208/jetty-servlet-9.4.0.v20161208.jar:/Users/sumandutta/.m2/repository/org/eclipse/jetty/jetty-security/9.4.0.v20161208/jetty-security-9.4.0.v20161208.jar:/Users/sumandutta/.m2/repository/org/eclipse/jetty/jetty-server/9.4.0.v20161208/jetty-server-9.4.0.v20161208.jar:/Users/sumandutta/.m2/repository/javax/servlet/javax.servlet-api/3.1.0/javax.servlet-api-3.1.0.jar:/Users/sumandutta/.m2/repository/org/eclipse/jetty/jetty-http/9.4.0.v20161208/jetty-http-9.4.0.v20161208.jar:/Users/sumandutta/.m2/repository/org/eclipse/jetty/jetty-io/9.4.0.v20161208/jetty-io-9.4.0.v20161208.jar:/Users/sumandutta/.m2/repository/org/apache/derby/derby/10.8.3.0/derby-10.8.3.0.jar:/Users/sumandutta/.m2/repository/junit/junit/4.11/junit-4.11.jar:/Users/sumandutta/.m2/repository/org/hamcrest/hamcrest-core/1.3/hamcrest-core-1.3.jar:"/>
    <property name="sun.cpu.endian" value="little"/>
    <property name="user.home" value="/Users/sumandutta"/>
    <property name="user.language" value="en"/>
    <property name="java.specification.vendor" value="Oracle Corporation"/>
    <property name="java.home" value="/Library/Java/JavaVirtualMachines/jdk1.8.0_31.jdk/Contents/Home/jre"/>
    <property name="basedir" value="/Users/sumandutta/Documents/Luna_Workspace/MoneyTransfer"/>
    <property name="file.separator" value="/"/>
    <property name="line.separator" value="&#10;"/>
    <property name="java.vm.specification.vendor" value="Oracle Corporation"/>
    <property name="java.specification.name" value="Java Platform API Specification"/>
    <property name="java.awt.graphicsenv" value="sun.awt.CGraphicsEnvironment"/>
    <property name="surefire.real.class.path" value="/Users/sumandutta/Documents/Luna_Workspace/MoneyTransfer/target/surefire/surefirebooter1962802839421996033.jar"/>
    <property name="sun.boot.class.path" value="/Library/Java/JavaVirtualMachines/jdk1.8.0_31.jdk/Contents/Home/jre/lib/resources.jar:/Library/Java/JavaVirtualMachines/jdk1.8.0_31.jdk/Contents/Home/jre/lib/rt.jar:/Library/Java/JavaVirtualMachines/jdk1.8.0_31.jdk/Contents/Home/jre/lib/sunrsasign.jar:/Library/Java/JavaVirtualMachines/jdk1.8.0_31.jdk/Contents/Home/jre/lib/jsse.jar:/Library/Java/JavaVirtualMachines/jdk1.8.0_31.jdk/Contents/Home/jre/lib/jce.jar:/Library/Java/JavaVirtualMachines/jdk1.8.0_31.jdk/Contents/Home/jre/lib/charsets.jar:/Library/Java/JavaVirtualMachines/jdk1.8.0_31.jdk/Contents/Home/jre/lib/jfr.jar:/Library/Java/JavaVirtualMachines/jdk1.8.0_31.jdk/Contents/Home/jre/classes"/>
    <property name="sun.management.compiler" value="HotSpot 64-Bit Tiered Compilers"/>
    <property name="ftp.nonProxyHosts" value="local|*.local|169.254/16|*.169.254/16"/>
    <property name="java.runtime.version" value="1.8.0_31-b13"/>
    <property name="user.name" value="sumandutta"/>
    <property name="path.separator" value=":"/>
    <property name="os.version" value="10.11.2"/>
    <property name="java.endorsed.dirs" value="/Library/Java/JavaVirtualMachines/jdk1.8.0_31.jdk/Contents/Home/jre/lib/endorsed"/>
    <property name="java.runtime.name" value="Java(TM) SE Runtime Environment"/>
    <property name="file.encoding" value="UTF-8"/>
    <property name="java.vm.name" value="Java HotSpot(TM) 64-Bit Server VM"/>
    <property name="localRepository" value="/Users/sumandutta/.m2/repository"/>
    <property name="java.vendor.url.bug" value="http://bugreport.sun.com/bugreport/"/>
    <property name="java.io.tmpdir" value="/var/folders/h2/t_fzpr2d49xck8qzd24pjnx80000gn/T/"/>
    <property name="java.version" value="1.8.0_31"/>
    <property name="user.dir" value="/Users/sumandutta/Documents/Luna_Workspace/MoneyTransfer"/>
    <property name="os.arch" value="x86_64"/>
    <property name="java.vm.specification.name" value="Java Virtual Machine Specification"/>
    <property name="java.awt.printerjob" value="sun.lwawt.macosx.CPrinterJob"/>
    <property name="sun.os.patch.level" value="unknown"/>
    <property name="java.library.path" value="/Users/sumandutta/Library/Java/Extensions:/Library/Java/Extensions:/Network/Library/Java/Extensions:/System/Library/Java/Extensions:/usr/lib/java:."/>
    <property name="java.vm.info" value="mixed mode"/>
    <property name="java.vendor" value="Oracle Corporation"/>
    <property name="java.vm.version" value="25.31-b07"/>
    <property name="java.ext.dirs" value="/Users/sumandutta/Library/Java/Extensions:/Library/Java/JavaVirtualMachines/jdk1.8.0_31.jdk/Contents/Home/jre/lib/ext:/Library/Java/Extensions:/Network/Library/Java/Extensions:/System/Library/Java/Extensions:/usr/lib/java"/>
    <property name="sun.io.unicode.encoding" value="UnicodeBig"/>
    <property name="java.class.version" value="52.0"/>
    <property name="socksNonProxyHosts" value="local|*.local|169.254/16|*.169.254/16"/>
  </properties>
  <testcase name="shouldAnswerWithTrue" classname="com.sumacode.JerseyJettyEx.AppTest" time="0.002"/>
</testsuite>